<?xml version="1.0" encoding="UTF-8"?>
<!-- Generated by org.testng.reporters.JUnitReportReporter -->
<testsuite hostname="GOURAV-LAPTOP" failures="0" tests="1" name="assignment.Demo_001" time="0.019" errors="0" timestamp="2023-07-05T22:01:54 IST" skipped="0">
  <testcase classname="assignment.Demo_001" name="demoTest" time="0.019"/>
  <system-out/>
</testsuite> <!-- assignment.Demo_001 -->
