<?xml version="1.0" encoding="UTF-8"?>
<!-- Generated by org.testng.reporters.JUnitReportReporter -->
<testsuite hostname="GOURAV-LAPTOP" failures="0" tests="1" name="assignment.ListBox_01" time="8.738" errors="0" timestamp="2023-07-10T22:08:46 IST" skipped="0">
  <testcase classname="assignment.ListBox_01" name="listBoxTest" time="8.738"/>
  <system-out/>
</testsuite> <!-- assignment.ListBox_01 -->
