<?xml version="1.0" encoding="UTF-8"?>
<!-- Generated by org.testng.reporters.JUnitReportReporter -->
<testsuite hostname="DESKTOP-RSHJ56C" failures="0" tests="1" name="workonactionclass.ActitimeLoginByAction" time="19.377" errors="0" timestamp="2023-06-22T16:06:04 IST" skipped="0">
  <testcase classname="workonactionclass.ActitimeLoginByAction" name="loginByActionTest" time="19.377"/>
  <system-out/>
</testsuite> <!-- workonactionclass.ActitimeLoginByAction -->
