<?xml version="1.0" encoding="UTF-8"?>
<!-- Generated by org.testng.reporters.JUnitReportReporter -->
<testsuite hostname="GOURAV-LAPTOP" failures="0" tests="1" name="assignment.ListBox_02" time="6.093" errors="0" timestamp="2023-07-10T23:00:36 IST" skipped="0">
  <testcase classname="assignment.ListBox_02" name="getTheUniqueValues" time="6.093"/>
  <system-out/>
</testsuite> <!-- assignment.ListBox_02 -->
